<?xml version="1.0" encoding="UTF-8"?>
<!-- Generated by org.testng.reporters.JUnitXMLReporter -->
<testsuite ignored="34" hostname="LAPTOP-09E441IO" failures="6" tests="6" name="Test" time="0.945" errors="0" timestamp="2024-06-20T19:32:12 IST">
  <testcase classname="testCases.CheckOut_Step_One_Page_Test" name="clickOnCancelBtnTest" time="0.716">
    <failure type="java.lang.NullPointerException" message="Cannot invoke &amp;quot;pages.CheckOut_Step_One_Page.clickOnCancelBtn()&amp;quot; because &amp;quot;this.check1&amp;quot; is null">
      <![CDATA[java.lang.NullPointerException: Cannot invoke "pages.CheckOut_Step_One_Page.clickOnCancelBtn()" because "this.check1" is null
at testCases.CheckOut_Step_One_Page_Test.clickOnCancelBtnTest(CheckOut_Step_One_Page_Test.java:54)
at java.base/java.util.ArrayList.forEach(ArrayList.java:1511)
... Removed 27 stack frames]]>
    </failure>
  </testcase> <!-- clickOnCancelBtnTest -->
  <testcase classname="testCases.CheckOut_Step_One_Page_Test" name="inputInformationTest" time="0.05">
    <failure type="java.lang.NullPointerException" message="Cannot invoke &amp;quot;pages.CheckOut_Step_One_Page.inputInformation()&amp;quot; because &amp;quot;this.check1&amp;quot; is null">
      <![CDATA[java.lang.NullPointerException: Cannot invoke "pages.CheckOut_Step_One_Page.inputInformation()" because "this.check1" is null
at testCases.CheckOut_Step_One_Page_Test.inputInformationTest(CheckOut_Step_One_Page_Test.java:45)
at java.base/java.util.ArrayList.forEach(ArrayList.java:1511)
... Removed 27 stack frames]]>
    </failure>
  </testcase> <!-- inputInformationTest -->
  <testcase classname="testCases.LoginPage_Test" name="loginToApplication" time="0.038">
    <failure type="java.lang.NullPointerException" message="Cannot invoke &amp;quot;pages.LoginPage.loginToApplication()&amp;quot; because &amp;quot;this.login&amp;quot; is null">
      <![CDATA[java.lang.NullPointerException: Cannot invoke "pages.LoginPage.loginToApplication()" because "this.login" is null
at testCases.LoginPage_Test.loginToApplication(LoginPage_Test.java:40)
at java.base/java.util.ArrayList.forEach(ArrayList.java:1511)
... Removed 27 stack frames]]>
    </failure>
  </testcase> <!-- loginToApplication -->
  <testcase classname="testCases.LoginPage_Test" name="verifyURLOfApplication" time="0.037">
    <failure type="java.lang.NullPointerException" message="Cannot invoke &amp;quot;pages.LoginPage.verifyURLOfApplication()&amp;quot; because &amp;quot;this.login&amp;quot; is null">
      <![CDATA[java.lang.NullPointerException: Cannot invoke "pages.LoginPage.verifyURLOfApplication()" because "this.login" is null
at testCases.LoginPage_Test.verifyURLOfApplication(LoginPage_Test.java:26)
at java.base/java.util.ArrayList.forEach(ArrayList.java:1511)
... Removed 27 stack frames]]>
    </failure>
  </testcase> <!-- verifyURLOfApplication -->
  <testcase classname="testCases.Inventory_Page_Test" name="add6ProductsTest" time="0.039">
    <failure type="java.lang.NullPointerException" message="Cannot invoke &amp;quot;pages.Inventory_Page.add6Products()&amp;quot; because &amp;quot;this.invent&amp;quot; is null">
      <![CDATA[java.lang.NullPointerException: Cannot invoke "pages.Inventory_Page.add6Products()" because "this.invent" is null
at testCases.Inventory_Page_Test.add6ProductsTest(Inventory_Page_Test.java:43)
at java.base/java.util.ArrayList.forEach(ArrayList.java:1511)
... Removed 27 stack frames]]>
    </failure>
  </testcase> <!-- add6ProductsTest -->
  <testcase classname="testCases.Inventory_Page_Test" name="verifyTwitterLogoTest" time="0.001">
    <failure type="java.lang.NullPointerException" message="Cannot invoke &amp;quot;pages.Inventory_Page.verifyTwitterLogo()&amp;quot; because &amp;quot;this.invent&amp;quot; is null">
      <![CDATA[java.lang.NullPointerException: Cannot invoke "pages.Inventory_Page.verifyTwitterLogo()" because "this.invent" is null
at testCases.Inventory_Page_Test.verifyTwitterLogoTest(Inventory_Page_Test.java:34)
at java.base/java.util.ArrayList.forEach(ArrayList.java:1511)
... Removed 27 stack frames]]>
    </failure>
  </testcase> <!-- verifyTwitterLogoTest -->
  <testcase classname="testCases.Cart_Page_Test" name="verifyCartTitleTest" time="0.0">
    <ignored/>
  </testcase> <!-- verifyCartTitleTest -->
  <testcase classname="testCases.Checkout_Step_Two_Test" name="verifyCartDescLabelTest" time="0.0">
    <ignored/>
  </testcase> <!-- verifyCartDescLabelTest -->
  <testcase classname="testCases.Checkout_Step_Two_Test" name="verifyTaxLabelTest" time="0.0">
    <ignored/>
  </testcase> <!-- verifyTaxLabelTest -->
  <testcase classname="testCases.Cart_Page_Test" name="verifyCartPageURLTest" time="0.0">
    <ignored/>
  </testcase> <!-- verifyCartPageURLTest -->
  <testcase classname="testCases.Checkout_Step_Two_Test" name="verifyCartQtyLabelTest" time="0.0">
    <ignored/>
  </testcase> <!-- verifyCartQtyLabelTest -->
  <testcase classname="testCases.Checkout_Step_Two_Test" name="verifyPaymentInfoLabelTest" time="0.0">
    <ignored/>
  </testcase> <!-- verifyPaymentInfoLabelTest -->
  <testcase classname="testCases.Checkout_Step_Two_Test" name="verifyPriceTotalLabelTest" time="0.0">
    <ignored/>
  </testcase> <!-- verifyPriceTotalLabelTest -->
  <testcase classname="testCases.Checkout_Step_Two_Test" name="verifySubTotalLabelTest" time="0.0">
    <ignored/>
  </testcase> <!-- verifySubTotalLabelTest -->
  <testcase classname="testCases.Checkout_Complete_Page_Test" name="verifyThankYouHeaderTest" time="0.0">
    <ignored/>
  </testcase> <!-- verifyThankYouHeaderTest -->
  <testcase classname="testCases.Checkout_Step_Two_Test" name="clickOnCancelButtonTest" time="0.0">
    <ignored/>
  </testcase> <!-- clickOnCancelButtonTest -->
  <testcase classname="testCases.Inventory_Page_Test" name="verifyFacebookLogoTest" time="0.0">
    <ignored/>
  </testcase> <!-- verifyFacebookLogoTest -->
  <testcase classname="testCases.Inventory_Page_Test" name="verifyBackPackNameTest" time="0.0">
    <ignored/>
  </testcase> <!-- verifyBackPackNameTest -->
  <testcase classname="testCases.Inventory_Page_Test" name="verifyCopyrightTest" time="0.0">
    <ignored/>
  </testcase> <!-- verifyCopyrightTest -->
  <testcase classname="testCases.Checkout_Complete_Page_Test" name="verifyCompleteTxtTest" time="0.0">
    <ignored/>
  </testcase> <!-- verifyCompleteTxtTest -->
  <testcase classname="testCases.Inventory_Page_Test" name="verifyLinkedInLogoTest" time="0.0">
    <ignored/>
  </testcase> <!-- verifyLinkedInLogoTest -->
  <testcase classname="testCases.Inventory_Page_Test" name="verifyBackPackPriceTest" time="0.0">
    <ignored/>
  </testcase> <!-- verifyBackPackPriceTest -->
  <testcase classname="testCases.Checkout_Step_Two_Test" name="verifyShippingValueLabelTest" time="0.0">
    <ignored/>
  </testcase> <!-- verifyShippingValueLabelTest -->
  <testcase classname="testCases.Cart_Page_Test" name="clickOnCheckoutBtnTest" time="0.0">
    <ignored/>
  </testcase> <!-- clickOnCheckoutBtnTest -->
  <testcase classname="testCases.Checkout_Step_Two_Test" name="verifyShippingInfoLAbelTest" time="0.0">
    <ignored/>
  </testcase> <!-- verifyShippingInfoLAbelTest -->
  <testcase classname="testCases.Checkout_Step_Two_Test" name="verifyBackImgTest" time="0.0">
    <ignored/>
  </testcase> <!-- verifyBackImgTest -->
  <testcase classname="testCases.Checkout_Complete_Page_Test" name="verifyPonyExpressImgTest" time="0.0">
    <ignored/>
  </testcase> <!-- verifyPonyExpressImgTest -->
  <testcase classname="testCases.Checkout_Step_Two_Test" name="verifyTotalLabelTest" time="0.0">
    <ignored/>
  </testcase> <!-- verifyTotalLabelTest -->
  <testcase classname="testCases.Checkout_Complete_Page_Test" name="verifyPageTitleTest" time="0.0">
    <ignored/>
  </testcase> <!-- verifyPageTitleTest -->
  <testcase classname="testCases.Checkout_Complete_Page_Test" name="clickOnBackToHomeBtnTest" time="0.0">
    <ignored/>
  </testcase> <!-- clickOnBackToHomeBtnTest -->
  <testcase classname="testCases.Cart_Page_Test" name="clickOnContinueShoppingBtnTest" time="0.0">
    <ignored/>
  </testcase> <!-- clickOnContinueShoppingBtnTest -->
  <testcase classname="testCases.Cart_Page_Test" name="verifyCartQtyTest" time="0.0">
    <ignored/>
  </testcase> <!-- verifyCartQtyTest -->
  <testcase classname="testCases.Checkout_Step_Two_Test" name="verifyPageTitleTest" time="0.0">
    <ignored/>
  </testcase> <!-- verifyPageTitleTest -->
  <testcase classname="testCases.Inventory_Page_Test" name="remove2ProductsTest" time="0.0">
    <ignored/>
  </testcase> <!-- remove2ProductsTest -->
  <testcase classname="testCases.Checkout_Step_Two_Test" name="verifyPaymentValueLabelTest" time="0.0">
    <ignored/>
  </testcase> <!-- verifyPaymentValueLabelTest -->
  <testcase classname="testCases.Checkout_Step_Two_Test" name="clickOnFinishBtnTest" time="0.0">
    <ignored/>
  </testcase> <!-- clickOnFinishBtnTest -->
  <testcase classname="testCases.LoginPage_Test" name="verifyTitleOfApplication" time="0.0">
    <ignored/>
  </testcase> <!-- verifyTitleOfApplication -->
  <testcase classname="testCases.Inventory_Page_Test" name="verifyPageTitleTest" time="0.0">
    <ignored/>
  </testcase> <!-- verifyPageTitleTest -->
  <testcase classname="testCases.Cart_Page_Test" name="verifyCartDescTest" time="0.0">
    <ignored/>
  </testcase> <!-- verifyCartDescTest -->
  <testcase classname="testCases.Inventory_Page_Test" name="verifyBackPackDescTest" time="0.0">
    <ignored/>
  </testcase> <!-- verifyBackPackDescTest -->
</testsuite> <!-- Test -->
